{
  "stats": {
    "suites": 1,
    "tests": 4,
    "passes": 4,
    "pending": 0,
    "failures": 0,
    "start": "2024-01-17T16:57:34.052Z",
    "end": "2024-01-17T16:59:46.000Z",
    "duration": 131948,
    "testsRegistered": 4,
    "passPercent": 100,
    "pendingPercent": 0,
    "other": 0,
    "hasOther": false,
    "skipped": 0,
    "hasSkipped": false
  },
  "results": [
    {
      "uuid": "7b43fc3c-c9ae-4d94-8936-fa40baeacb32",
      "title": "",
      "fullFile": "cypress\\integration\\Accounts.spec.js",
      "file": "cypress\\integration\\Accounts.spec.js",
      "beforeHooks": [],
      "afterHooks": [],
      "tests": [],
      "suites": [
        {
          "uuid": "0c76cc66-5e96-491b-9539-a00de745580e",
          "title": "Accounts test",
          "fullFile": "",
          "file": "",
          "beforeHooks": [],
          "afterHooks": [],
          "tests": [
            {
              "title": "Successfully goes to accounts and accounts are visible in both Tamieutirio and Opseos",
              "fullTitle": "Accounts test Successfully goes to accounts and accounts are visible in both Tamieutirio and Opseos",
              "timedOut": null,
              "duration": 19546,
              "state": "passed",
              "speed": "slow",
              "pass": true,
              "fail": false,
              "pending": false,
              "context": null,
              "code": "Deposits.AccountTamieutirioVisible();\nDeposits.AccountOpseosclick();\nDeposits.AccountOpseosVisible();",
              "err": {},
              "uuid": "77554c5a-9fa8-4924-a507-9a6631696fbb",
              "parentUUID": "0c76cc66-5e96-491b-9539-a00de745580e",
              "isHook": false,
              "skipped": false
            },
            {
              "title": "Tamieutirio copy to clipboard and settings",
              "fullTitle": "Accounts test Tamieutirio copy to clipboard and settings",
              "timedOut": null,
              "duration": 34497,
              "state": "passed",
              "speed": "slow",
              "pass": true,
              "fail": false,
              "pending": false,
              "context": null,
              "code": "Deposits.TamieutirioClick();\nDeposits.Copytoclipbard();\nDeposits.accountSettings();\nDeposits.Colorcheck();\nDeposits.Namecheck();\nDeposits.ContinueClick();\nDeposits.depositsmenuclick();\nDeposits.depositsAccounts();\nDeposits.ValidateNameAndColor();\nDeposits.accountSettings();\nDeposits.ChangeBackNameColor();\nDeposits.ContinueClick();\nDeposits.depositsmenuclick();\nDeposits.depositsAccounts();\nDeposits.AccountTamieutirioVisible();",
              "err": {},
              "uuid": "63134fbf-e97f-4471-90e2-595960d7da71",
              "parentUUID": "0c76cc66-5e96-491b-9539-a00de745580e",
              "isHook": false,
              "skipped": false
            },
            {
              "title": "Opseos copy to clipboard and settings",
              "fullTitle": "Accounts test Opseos copy to clipboard and settings",
              "timedOut": null,
              "duration": 45300,
              "state": "passed",
              "speed": "slow",
              "pass": true,
              "fail": false,
              "pending": false,
              "context": null,
              "code": "Deposits.AccountOpseosclick();\nDeposits.CopytoclipbardOpseos();\nDeposits.accountSettingsOpseos();\nDeposits.Colorcheck();\nDeposits.NamecheckOPSEOS();\nDeposits.ContinueClick();\nDeposits.depositsmenuclick();\nDeposits.depositsAccounts();\nDeposits.AccountOpseosclick();\nDeposits.ValidateNameAndColor();\nDeposits.accountSettingsOpseos();\nDeposits.ChangeBackNameColorOpseos();\nDeposits.ContinueClick();\nDeposits.depositsmenuclick();\nDeposits.depositsAccounts();\nDeposits.AccountOpseosclick();\nDeposits.AccountOpseosVisible();",
              "err": {},
              "uuid": "8982f226-f301-4f27-adb2-ae45ef5de1cf",
              "parentUUID": "0c76cc66-5e96-491b-9539-a00de745580e",
              "isHook": false,
              "skipped": false
            },
            {
              "title": "Account Tamieutirio setting",
              "fullTitle": "Accounts test Account Tamieutirio setting",
              "timedOut": null,
              "duration": 32254,
              "state": "passed",
              "speed": "slow",
              "pass": true,
              "fail": false,
              "pending": false,
              "context": null,
              "code": "Deposits.TamieutirioClick();\nDeposits.TamieutirioAccountClick();\nDeposits.ClickMore();\nDeposits.KlimakesEpitokiou();\nDeposits.Dikaiouxoi();\nDeposits.VevaiwsitirisisAccount();\nDeposits.ValidateMonthAnalisis();\nDeposits.ExcelDownload();\nDeposits.PdfDownload();\nDeposits.Print();\nDeposits.ValidateTransactions();\nDeposits.SinallagesAnazitisi();\nDeposits.ValidateTransactions();\nDeposits.ClickRefreshMonthlyAnalisis();",
              "err": {},
              "uuid": "3b079709-7d81-4a2a-8309-c4419ca20283",
              "parentUUID": "0c76cc66-5e96-491b-9539-a00de745580e",
              "isHook": false,
              "skipped": false
            }
          ],
          "suites": [],
          "passes": [
            "77554c5a-9fa8-4924-a507-9a6631696fbb",
            "63134fbf-e97f-4471-90e2-595960d7da71",
            "8982f226-f301-4f27-adb2-ae45ef5de1cf",
            "3b079709-7d81-4a2a-8309-c4419ca20283"
          ],
          "failures": [],
          "pending": [],
          "skipped": [],
          "duration": 131597,
          "root": false,
          "rootEmpty": false,
          "_timeout": 2000
        }
      ],
      "passes": [],
      "failures": [],
      "pending": [],
      "skipped": [],
      "duration": 0,
      "root": true,
      "rootEmpty": true,
      "_timeout": 2000
    }
  ],
  "meta": {
    "mocha": {
      "version": "7.0.1"
    },
    "mochawesome": {
      "options": {
        "quiet": false,
        "reportFilename": "mochawesome",
        "saveHtml": false,
        "saveJson": true,
        "consoleReporter": "spec",
        "useInlineDiffs": false,
        "code": true
      },
      "version": "7.1.3"
    },
    "marge": {
      "options": {
        "embeddedScreenshots": true,
        "reportDir": "cypress/results",
        "overwrite": false,
        "html": false,
        "json": true,
        "reportFileName": "Report"
      },
      "version": "6.2.0"
    }
  }
}