{
  "stats": {
    "suites": 1,
    "tests": 1,
    "passes": 1,
    "pending": 0,
    "failures": 0,
    "start": "2024-01-17T17:00:33.214Z",
    "end": "2024-01-17T17:00:41.338Z",
    "duration": 8124,
    "testsRegistered": 1,
    "passPercent": 100,
    "pendingPercent": 0,
    "other": 0,
    "hasOther": false,
    "skipped": 0,
    "hasSkipped": false
  },
  "results": [
    {
      "uuid": "e934751e-225f-44b8-88e9-d4f5b94f0f9e",
      "title": "",
      "fullFile": "cypress\\integration\\ForgotUserpage.spec.js",
      "file": "cypress\\integration\\ForgotUserpage.spec.js",
      "beforeHooks": [],
      "afterHooks": [],
      "tests": [],
      "suites": [
        {
          "uuid": "59503a23-a01c-4606-b528-3e6d98119c00",
          "title": "Forgot UserName Page",
          "fullFile": "",
          "file": "",
          "beforeHooks": [],
          "afterHooks": [],
          "tests": [
            {
              "title": "Forgot UserName Page",
              "fullTitle": "Forgot UserName Page Forgot UserName Page",
              "timedOut": null,
              "duration": 8082,
              "state": "passed",
              "speed": "medium",
              "pass": true,
              "fail": false,
              "pending": false,
              "context": null,
              "code": "ForgotUserPass.Forgotusername();\nForgotUserPass.Taxid();\nForgotUserPass.Countrycode();\nForgotUserPass.Phonenumber();\nForgotUserPass.Continue();",
              "err": {},
              "uuid": "78fedc22-3822-49ae-b5d1-5a703b9eed8a",
              "parentUUID": "59503a23-a01c-4606-b528-3e6d98119c00",
              "isHook": false,
              "skipped": false
            }
          ],
          "suites": [],
          "passes": [
            "78fedc22-3822-49ae-b5d1-5a703b9eed8a"
          ],
          "failures": [],
          "pending": [],
          "skipped": [],
          "duration": 8082,
          "root": false,
          "rootEmpty": false,
          "_timeout": 2000
        }
      ],
      "passes": [],
      "failures": [],
      "pending": [],
      "skipped": [],
      "duration": 0,
      "root": true,
      "rootEmpty": true,
      "_timeout": 2000
    }
  ],
  "meta": {
    "mocha": {
      "version": "7.0.1"
    },
    "mochawesome": {
      "options": {
        "quiet": false,
        "reportFilename": "mochawesome",
        "saveHtml": false,
        "saveJson": true,
        "consoleReporter": "spec",
        "useInlineDiffs": false,
        "code": true
      },
      "version": "7.1.3"
    },
    "marge": {
      "options": {
        "embeddedScreenshots": true,
        "reportDir": "cypress/results",
        "overwrite": false,
        "html": false,
        "json": true,
        "reportFileName": "Report"
      },
      "version": "6.2.0"
    }
  }
}