{
  "stats": {
    "suites": 1,
    "tests": 1,
    "passes": 1,
    "pending": 0,
    "failures": 0,
    "start": "2024-01-17T17:01:12.348Z",
    "end": "2024-01-17T17:01:19.525Z",
    "duration": 7177,
    "testsRegistered": 1,
    "passPercent": 100,
    "pendingPercent": 0,
    "other": 0,
    "hasOther": false,
    "skipped": 0,
    "hasSkipped": false
  },
  "results": [
    {
      "uuid": "e2f3723e-e134-4c70-87fe-7b8c83874c5b",
      "title": "",
      "fullFile": "cypress\\integration\\LockAccount.spec.js",
      "file": "cypress\\integration\\LockAccount.spec.js",
      "beforeHooks": [],
      "afterHooks": [],
      "tests": [],
      "suites": [
        {
          "uuid": "2f3a9d88-cd62-49b7-9fe1-e0f6f108bc21",
          "title": "Lock Account Page",
          "fullFile": "",
          "file": "",
          "beforeHooks": [],
          "afterHooks": [],
          "tests": [
            {
              "title": "Lock Account Page",
              "fullTitle": "Lock Account Page Lock Account Page",
              "timedOut": null,
              "duration": 7137,
              "state": "passed",
              "speed": "medium",
              "pass": true,
              "fail": false,
              "pending": false,
              "context": null,
              "code": "LockUnlockAccount.Lockaccount();\nLockUnlockAccount.Taxid();\nLockUnlockAccount.Username();\nLockUnlockAccount.Countryphonecode();\nLockUnlockAccount.Phonenumber();\nLockUnlockAccount.ContinueBlockAccount();",
              "err": {},
              "uuid": "ce609732-655e-4672-9aaa-ee81e3d08ef2",
              "parentUUID": "2f3a9d88-cd62-49b7-9fe1-e0f6f108bc21",
              "isHook": false,
              "skipped": false
            }
          ],
          "suites": [],
          "passes": [
            "ce609732-655e-4672-9aaa-ee81e3d08ef2"
          ],
          "failures": [],
          "pending": [],
          "skipped": [],
          "duration": 7137,
          "root": false,
          "rootEmpty": false,
          "_timeout": 2000
        }
      ],
      "passes": [],
      "failures": [],
      "pending": [],
      "skipped": [],
      "duration": 0,
      "root": true,
      "rootEmpty": true,
      "_timeout": 2000
    }
  ],
  "meta": {
    "mocha": {
      "version": "7.0.1"
    },
    "mochawesome": {
      "options": {
        "quiet": false,
        "reportFilename": "mochawesome",
        "saveHtml": false,
        "saveJson": true,
        "consoleReporter": "spec",
        "useInlineDiffs": false,
        "code": true
      },
      "version": "7.1.3"
    },
    "marge": {
      "options": {
        "embeddedScreenshots": true,
        "reportDir": "cypress/results",
        "overwrite": false,
        "html": false,
        "json": true,
        "reportFileName": "Report"
      },
      "version": "6.2.0"
    }
  }
}