{
  "stats": {
    "suites": 1,
    "tests": 1,
    "passes": 1,
    "pending": 0,
    "failures": 0,
    "start": "2024-01-17T17:01:27.624Z",
    "end": "2024-01-17T17:01:44.123Z",
    "duration": 16499,
    "testsRegistered": 1,
    "passPercent": 100,
    "pendingPercent": 0,
    "other": 0,
    "hasOther": false,
    "skipped": 0,
    "hasSkipped": false
  },
  "results": [
    {
      "uuid": "922170ed-05e4-47ea-a206-1d59c7e30a7e",
      "title": "",
      "fullFile": "cypress\\integration\\LogIn.spec.js",
      "file": "cypress\\integration\\LogIn.spec.js",
      "beforeHooks": [],
      "afterHooks": [],
      "tests": [],
      "suites": [
        {
          "uuid": "a3a08ea8-d4a7-4e21-8bfc-6d6f5f83a62d",
          "title": "Login Test",
          "fullFile": "",
          "file": "",
          "beforeHooks": [],
          "afterHooks": [],
          "tests": [
            {
              "title": "Successfully logs in with username and password",
              "fullTitle": "Login Test Successfully logs in with username and password",
              "timedOut": null,
              "duration": 16450,
              "state": "passed",
              "speed": "slow",
              "pass": true,
              "fail": false,
              "pending": false,
              "context": null,
              "code": "LoginPage.ValidSignin();",
              "err": {},
              "uuid": "93b6da48-eda3-41e8-9162-63a8d553fab3",
              "parentUUID": "a3a08ea8-d4a7-4e21-8bfc-6d6f5f83a62d",
              "isHook": false,
              "skipped": false
            }
          ],
          "suites": [],
          "passes": [
            "93b6da48-eda3-41e8-9162-63a8d553fab3"
          ],
          "failures": [],
          "pending": [],
          "skipped": [],
          "duration": 16450,
          "root": false,
          "rootEmpty": false,
          "_timeout": 2000
        }
      ],
      "passes": [],
      "failures": [],
      "pending": [],
      "skipped": [],
      "duration": 0,
      "root": true,
      "rootEmpty": true,
      "_timeout": 2000
    }
  ],
  "meta": {
    "mocha": {
      "version": "7.0.1"
    },
    "mochawesome": {
      "options": {
        "quiet": false,
        "reportFilename": "mochawesome",
        "saveHtml": false,
        "saveJson": true,
        "consoleReporter": "spec",
        "useInlineDiffs": false,
        "code": true
      },
      "version": "7.1.3"
    },
    "marge": {
      "options": {
        "embeddedScreenshots": true,
        "reportDir": "cypress/results",
        "overwrite": false,
        "html": false,
        "json": true,
        "reportFileName": "Report"
      },
      "version": "6.2.0"
    }
  }
}