{
  "stats": {
    "suites": 1,
    "tests": 1,
    "passes": 1,
    "pending": 0,
    "failures": 0,
    "start": "2024-01-17T17:02:22.979Z",
    "end": "2024-01-17T17:02:30.866Z",
    "duration": 7887,
    "testsRegistered": 1,
    "passPercent": 100,
    "pendingPercent": 0,
    "other": 0,
    "hasOther": false,
    "skipped": 0,
    "hasSkipped": false
  },
  "results": [
    {
      "uuid": "068688d9-25a8-4056-9175-49a963d3a638",
      "title": "",
      "fullFile": "cypress\\integration\\UnlockAccountPage.spec.js",
      "file": "cypress\\integration\\UnlockAccountPage.spec.js",
      "beforeHooks": [],
      "afterHooks": [],
      "tests": [],
      "suites": [
        {
          "uuid": "526e9961-0215-4067-81ab-4d47e31df1b3",
          "title": "UnLock Account Page",
          "fullFile": "",
          "file": "",
          "beforeHooks": [],
          "afterHooks": [],
          "tests": [
            {
              "title": "unLock Account Page",
              "fullTitle": "UnLock Account Page unLock Account Page",
              "timedOut": null,
              "duration": 7840,
              "state": "passed",
              "speed": "medium",
              "pass": true,
              "fail": false,
              "pending": false,
              "context": null,
              "code": "LockUnlockAccount.UnLockaccount();\nLockUnlockAccount.Taxid();\nLockUnlockAccount.Username();\nLockUnlockAccount.Countryphonecode();\nLockUnlockAccount.Phonenumber();\nLockUnlockAccount.ContinueUnBlockAccount();",
              "err": {},
              "uuid": "624139e7-5878-4e44-8f27-c16c002b3b20",
              "parentUUID": "526e9961-0215-4067-81ab-4d47e31df1b3",
              "isHook": false,
              "skipped": false
            }
          ],
          "suites": [],
          "passes": [
            "624139e7-5878-4e44-8f27-c16c002b3b20"
          ],
          "failures": [],
          "pending": [],
          "skipped": [],
          "duration": 7840,
          "root": false,
          "rootEmpty": false,
          "_timeout": 2000
        }
      ],
      "passes": [],
      "failures": [],
      "pending": [],
      "skipped": [],
      "duration": 0,
      "root": true,
      "rootEmpty": true,
      "_timeout": 2000
    }
  ],
  "meta": {
    "mocha": {
      "version": "7.0.1"
    },
    "mochawesome": {
      "options": {
        "quiet": false,
        "reportFilename": "mochawesome",
        "saveHtml": false,
        "saveJson": true,
        "consoleReporter": "spec",
        "useInlineDiffs": false,
        "code": true
      },
      "version": "7.1.3"
    },
    "marge": {
      "options": {
        "embeddedScreenshots": true,
        "reportDir": "cypress/results",
        "overwrite": false,
        "html": false,
        "json": true,
        "reportFileName": "Report"
      },
      "version": "6.2.0"
    }
  }
}